2023-06-01 14:08:35,758 DEBUG Создание Horse, имя [Буцефал], скорость [2.4]
2023-06-01 14:08:35,761 DEBUG Создание Horse, имя [Туз Пик], скорость [2.5]
2023-06-01 14:08:35,761 DEBUG Создание Horse, имя [Зефир], скорость [2.6]
2023-06-01 14:08:35,761 DEBUG Создание Horse, имя [Пожар], скорость [2.7]
2023-06-01 14:08:35,761 DEBUG Создание Horse, имя [Лобстер], скорость [2.8]
2023-06-01 14:08:35,761 DEBUG Создание Horse, имя [Пегас], скорость [2.9]
2023-06-01 14:08:35,761 DEBUG Создание Horse, имя [Вишня], скорость [3.0]
2023-06-01 14:08:35,763 DEBUG Создание Hippodrome, лошадей [7]
2023-06-01 14:08:35,766 INFO  Начало скачек. Количество участников: 7
2023-06-01 14:08:56,634 INFO  Окончание скачек. Победитель: Пегас
2023-06-01 14:30:57,529 DEBUG Создание Horse, имя [Буцефал], скорость [2.4]
2023-06-01 14:30:57,543 DEBUG Создание Horse, имя [Туз Пик], скорость [2.5]
2023-06-01 14:30:57,543 DEBUG Создание Horse, имя [Зефир], скорость [2.6]
2023-06-01 14:30:57,543 DEBUG Создание Horse, имя [Пожар], скорость [2.7]
2023-06-01 14:30:57,543 DEBUG Создание Horse, имя [Лобстер], скорость [2.8]
2023-06-01 14:30:57,544 DEBUG Создание Horse, имя [Пегас], скорость [2.9]
2023-06-01 14:30:57,544 DEBUG Создание Horse, имя [Вишня], скорость [3.0]
2023-06-01 14:30:57,552 DEBUG Создание Hippodrome, лошадей [7]
2023-06-01 14:30:57,554 INFO  Начало скачек. Количество участников: 7
2023-06-01 14:31:18,075 INFO  Окончание скачек. Победитель: Вишня
2023-06-01 14:32:08,733 DEBUG Создание Horse, имя [Буцефал], скорость [2.4]
2023-06-01 14:32:08,738 DEBUG Создание Horse, имя [Туз Пик], скорость [2.5]
2023-06-01 14:32:08,738 DEBUG Создание Horse, имя [Зефир], скорость [2.6]
2023-06-01 14:32:08,738 DEBUG Создание Horse, имя [Пожар], скорость [2.7]
2023-06-01 14:32:08,739 DEBUG Создание Horse, имя [Лобстер], скорость [2.8]
2023-06-01 14:32:08,739 DEBUG Создание Horse, имя [Пегас], скорость [2.9]
2023-06-01 14:32:08,739 DEBUG Создание Horse, имя [Вишня], скорость [3.0]
2023-06-01 14:32:08,740 DEBUG Создание Hippodrome, лошадей [7]
2023-06-01 14:32:08,741 INFO  Начало скачек. Количество участников: 7
2023-06-01 14:32:29,332 INFO  Окончание скачек. Победитель: Вишня
2023-06-01 14:34:10,507 DEBUG Создание Horse, имя [Буцефал], скорость [2.4]
2023-06-01 14:34:10,510 DEBUG Создание Horse, имя [Туз Пик], скорость [2.5]
2023-06-01 14:34:10,511 DEBUG Создание Horse, имя [Зефир], скорость [2.6]
2023-06-01 14:34:10,511 DEBUG Создание Horse, имя [Пожар], скорость [2.7]
2023-06-01 14:34:10,511 DEBUG Создание Horse, имя [Лобстер], скорость [2.8]
2023-06-01 14:34:10,511 DEBUG Создание Horse, имя [Пегас], скорость [2.9]
2023-06-01 14:34:10,511 DEBUG Создание Horse, имя [Вишня], скорость [3.0]
2023-06-01 14:34:10,512 DEBUG Создание Hippodrome, лошадей [7]
2023-06-01 14:34:10,513 INFO  Начало скачек. Количество участников: 7
2023-06-01 14:34:31,017 INFO  Окончание скачек. Победитель: Пегас
2023-06-01 14:35:19,522 DEBUG Создание Horse, имя [Буцефал], скорость [2.4]
2023-06-01 14:35:19,526 DEBUG Создание Horse, имя [Туз Пик], скорость [2.5]
2023-06-01 14:35:19,527 DEBUG Создание Horse, имя [Зефир], скорость [2.6]
2023-06-01 14:35:19,527 DEBUG Создание Horse, имя [Пожар], скорость [2.7]
2023-06-01 14:35:19,527 DEBUG Создание Horse, имя [Лобстер], скорость [2.8]
2023-06-01 14:35:19,527 DEBUG Создание Horse, имя [Пегас], скорость [2.9]
2023-06-01 14:35:19,527 DEBUG Создание Horse, имя [Вишня], скорость [3.0]
2023-06-01 14:35:19,528 DEBUG Создание Hippodrome, лошадей [7]
2023-06-01 14:35:19,529 INFO  Начало скачек. Количество участников: 7
2023-06-01 14:35:33,846 ERROR Name is null
2023-06-01 14:35:51,036 ERROR Name is null
2023-06-01 14:35:51,051 DEBUG Создание Horse, имя [Voron], скорость [1.0]
2023-06-01 14:35:51,151 DEBUG Создание Horse, имя [Voron], скорость [1.0]
2023-06-01 14:35:51,160 DEBUG Создание Horse, имя [Voron], скорость [1.0]
2023-06-01 14:35:51,164 DEBUG Создание Horse, имя [Voron], скорость [1.0]
2023-06-01 14:35:51,168 ERROR Distance is negative
2023-06-01 14:35:51,180 ERROR Name is blank
2023-06-01 14:35:51,186 ERROR Name is blank
2023-06-01 14:35:51,195 ERROR Name is blank
2023-06-01 14:35:51,202 ERROR Name is blank
2023-06-01 14:35:51,207 ERROR Name is blank
2023-06-01 14:35:51,212 ERROR Name is blank
2023-06-01 14:35:51,217 ERROR Name is blank
2023-06-01 14:35:51,225 ERROR Name is blank
2023-06-01 14:35:51,231 ERROR Name is blank
2023-06-01 14:35:51,239 ERROR Name is blank
2023-06-01 14:35:51,249 DEBUG Создание Horse, имя [Voron], скорость [1.0]
2023-06-01 14:35:51,254 DEBUG Создание Horse, имя [Snegok], скорость [1.0]
2023-06-01 14:35:51,261 DEBUG Создание Horse, имя [Zvezda], скорость [1.0]
2023-06-01 14:35:52,833 DEBUG Создание Horse, имя [Voron], скорость [2.0]
2023-06-01 14:35:52,889 DEBUG Создание Horse, имя [Voron], скорость [5.0]
2023-06-01 14:35:52,904 DEBUG Создание Horse, имя [Voron], скорость [1.0]
2023-06-01 14:35:52,948 ERROR Distance is negative
2023-06-01 14:35:52,984 ERROR Speed is negative
2023-06-01 14:35:52,995 ERROR Name is null
2023-06-01 14:35:53,028 DEBUG Создание Horse, имя [Voron], скорость [1.0]
2023-06-01 14:35:53,048 DEBUG Создание Horse, имя [Voron], скорость [2.0]
2023-06-01 14:35:53,079 DEBUG Создание Horse, имя [Voron], скорость [3.0]
2023-06-01 14:35:53,098 ERROR Speed is negative
2023-06-01 14:35:53,116 ERROR Name is blank
2023-06-01 14:35:53,124 ERROR Name is blank
2023-06-01 14:35:53,131 ERROR Name is blank
2023-06-01 14:35:53,139 ERROR Name is blank
2023-06-01 14:35:53,145 ERROR Name is blank
2023-06-01 14:35:53,165 ERROR Name is blank
2023-06-01 14:35:53,173 ERROR Name is blank
2023-06-01 14:35:53,177 ERROR Name is blank
2023-06-01 14:35:53,183 ERROR Name is blank
2023-06-01 14:35:53,191 ERROR Name is blank
2023-06-01 14:35:53,211 ERROR Horses list is null
2023-06-01 14:35:53,217 ERROR Horses list is empty
2023-06-01 14:35:53,389 DEBUG Создание Hippodrome, лошадей [50]
2023-06-01 14:35:53,482 DEBUG Создание Horse, имя [Буцефал], скорость [2.4]
2023-06-01 14:35:53,482 DEBUG Создание Horse, имя [Туз Пик], скорость [2.5]
2023-06-01 14:35:53,484 DEBUG Создание Horse, имя [Зефир], скорость [2.6]
2023-06-01 14:35:53,486 DEBUG Создание Horse, имя [Пожар], скорость [2.7]
2023-06-01 14:35:53,486 DEBUG Создание Horse, имя [Лобстер], скорость [2.8]
2023-06-01 14:35:53,486 DEBUG Создание Horse, имя [Пегас], скорость [2.9]
2023-06-01 14:35:53,487 DEBUG Создание Horse, имя [Вишня], скорость [3.0]
2023-06-01 14:35:53,487 DEBUG Создание Horse, имя [Иван], скорость [2.4]
2023-06-01 14:35:53,487 DEBUG Создание Horse, имя [Туз], скорость [2.5]
2023-06-01 14:35:53,488 DEBUG Создание Horse, имя [Зефирка], скорость [2.6]
2023-06-01 14:35:53,488 DEBUG Создание Horse, имя [Огонь], скорость [2.7]
2023-06-01 14:35:53,488 DEBUG Создание Horse, имя [Конь], скорость [2.8]
2023-06-01 14:35:53,489 DEBUG Создание Horse, имя [Пепел], скорость [2.9]
2023-06-01 14:35:53,489 DEBUG Создание Horse, имя [Черешня], скорость [3.0]
2023-06-01 14:35:53,489 DEBUG Создание Horse, имя [Белый], скорость [2.4]
2023-06-01 14:35:53,489 DEBUG Создание Horse, имя [Буран], скорость [2.5]
2023-06-01 14:35:53,489 DEBUG Создание Horse, имя [Максим], скорость [2.6]
2023-06-01 14:35:53,490 DEBUG Создание Horse, имя [Петр], скорость [2.7]
2023-06-01 14:35:53,490 DEBUG Создание Horse, имя [Легион], скорость [2.8]
2023-06-01 14:35:53,490 DEBUG Создание Horse, имя [Ураган], скорость [2.9]
2023-06-01 14:35:53,491 DEBUG Создание Horse, имя [Стрела], скорость [3.0]
2023-06-01 14:35:53,491 DEBUG Создание Horse, имя [Буря], скорость [2.4]
2023-06-01 14:35:53,491 DEBUG Создание Horse, имя [Ветер], скорость [2.5]
2023-06-01 14:35:53,492 DEBUG Создание Horse, имя [Михаил], скорость [2.6]
2023-06-01 14:35:53,492 DEBUG Создание Horse, имя [Рон], скорость [2.7]
2023-06-01 14:35:53,493 DEBUG Создание Horse, имя [Лик], скорость [2.8]
2023-06-01 14:35:53,493 DEBUG Создание Horse, имя [Александр], скорость [2.9]
2023-06-01 14:35:53,494 DEBUG Создание Horse, имя [Ирис], скорость [3.0]
2023-06-01 14:35:53,494 DEBUG Создание Horse, имя [Тигр], скорость [2.9]
2023-06-01 14:35:53,494 DEBUG Создание Horse, имя [Уран], скорость [3.0]
2023-06-01 14:35:53,494 DEBUG Создание Hippodrome, лошадей [30]
2023-06-01 14:35:53,506 DEBUG Создание Horse, имя [i], скорость [0.0]
2023-06-01 14:35:53,507 DEBUG Создание Horse, имя [i], скорость [1.0]
2023-06-01 14:35:53,507 DEBUG Создание Horse, имя [i], скорость [2.0]
2023-06-01 14:35:53,507 DEBUG Создание Horse, имя [i], скорость [3.0]
2023-06-01 14:35:53,508 DEBUG Создание Horse, имя [i], скорость [4.0]
2023-06-01 14:35:53,508 DEBUG Создание Horse, имя [i], скорость [5.0]
2023-06-01 14:35:53,508 DEBUG Создание Horse, имя [i], скорость [6.0]
2023-06-01 14:35:53,508 DEBUG Создание Horse, имя [i], скорость [7.0]
2023-06-01 14:35:53,508 DEBUG Создание Horse, имя [i], скорость [8.0]
2023-06-01 14:35:53,508 DEBUG Создание Horse, имя [i], скорость [9.0]
2023-06-01 14:35:53,509 DEBUG Создание Horse, имя [i], скорость [10.0]
2023-06-01 14:35:53,509 DEBUG Создание Horse, имя [i], скорость [11.0]
2023-06-01 14:35:53,509 DEBUG Создание Horse, имя [i], скорость [12.0]
2023-06-01 14:35:53,509 DEBUG Создание Horse, имя [i], скорость [13.0]
2023-06-01 14:35:53,509 DEBUG Создание Horse, имя [i], скорость [14.0]
2023-06-01 14:35:53,509 DEBUG Создание Horse, имя [i], скорость [15.0]
2023-06-01 14:35:53,509 DEBUG Создание Horse, имя [i], скорость [16.0]
2023-06-01 14:35:53,510 DEBUG Создание Horse, имя [i], скорость [17.0]
2023-06-01 14:35:53,510 DEBUG Создание Horse, имя [i], скорость [18.0]
2023-06-01 14:35:53,510 DEBUG Создание Horse, имя [i], скорость [19.0]
2023-06-01 14:35:53,542 DEBUG Создание Horse, имя [i], скорость [20.0]
2023-06-01 14:35:53,542 DEBUG Создание Horse, имя [i], скорость [21.0]
2023-06-01 14:35:53,542 DEBUG Создание Horse, имя [i], скорость [22.0]
2023-06-01 14:35:53,543 DEBUG Создание Horse, имя [i], скорость [23.0]
2023-06-01 14:35:53,544 DEBUG Создание Horse, имя [i], скорость [24.0]
2023-06-01 14:35:53,544 DEBUG Создание Horse, имя [i], скорость [25.0]
2023-06-01 14:35:53,544 DEBUG Создание Horse, имя [i], скорость [26.0]
2023-06-01 14:35:53,545 DEBUG Создание Horse, имя [i], скорость [27.0]
2023-06-01 14:35:53,545 DEBUG Создание Horse, имя [i], скорость [28.0]
2023-06-01 14:35:53,545 DEBUG Создание Horse, имя [i], скорость [29.0]
2023-06-01 14:35:53,546 DEBUG Создание Horse, имя [i], скорость [30.0]
2023-06-01 14:35:53,546 DEBUG Создание Horse, имя [i], скорость [31.0]
2023-06-01 14:35:53,546 DEBUG Создание Horse, имя [i], скорость [32.0]
2023-06-01 14:35:53,547 DEBUG Создание Horse, имя [i], скорость [33.0]
2023-06-01 14:35:53,547 DEBUG Создание Horse, имя [i], скорость [34.0]
2023-06-01 14:35:53,547 DEBUG Создание Horse, имя [i], скорость [35.0]
2023-06-01 14:35:53,547 DEBUG Создание Horse, имя [i], скорость [36.0]
2023-06-01 14:35:53,547 DEBUG Создание Horse, имя [i], скорость [37.0]
2023-06-01 14:35:53,547 DEBUG Создание Horse, имя [i], скорость [38.0]
2023-06-01 14:35:53,548 DEBUG Создание Horse, имя [i], скорость [39.0]
2023-06-01 14:35:53,548 DEBUG Создание Horse, имя [i], скорость [40.0]
2023-06-01 14:35:53,548 DEBUG Создание Horse, имя [i], скорость [41.0]
2023-06-01 14:35:53,548 DEBUG Создание Horse, имя [i], скорость [42.0]
2023-06-01 14:35:53,548 DEBUG Создание Horse, имя [i], скорость [43.0]
2023-06-01 14:35:53,548 DEBUG Создание Horse, имя [i], скорость [44.0]
2023-06-01 14:35:53,549 DEBUG Создание Horse, имя [i], скорость [45.0]
2023-06-01 14:35:53,549 DEBUG Создание Horse, имя [i], скорость [46.0]
2023-06-01 14:35:53,549 DEBUG Создание Horse, имя [i], скорость [47.0]
2023-06-01 14:35:53,549 DEBUG Создание Horse, имя [i], скорость [48.0]
2023-06-01 14:35:53,549 DEBUG Создание Horse, имя [i], скорость [49.0]
2023-06-01 14:35:53,549 DEBUG Создание Hippodrome, лошадей [50]
2023-06-01 14:35:53,556 ERROR Horses list is null
2023-06-01 14:35:53,562 ERROR Horses list is empty
2023-06-01 14:42:34,220 ERROR Name is null
2023-06-01 14:42:34,234 DEBUG Создание Horse, имя [Voron], скорость [1.0]
2023-06-01 14:42:34,315 DEBUG Создание Horse, имя [Voron], скорость [1.0]
2023-06-01 14:42:34,324 DEBUG Создание Horse, имя [Voron], скорость [1.0]
2023-06-01 14:42:34,329 DEBUG Создание Horse, имя [Voron], скорость [1.0]
2023-06-01 14:42:34,334 ERROR Distance is negative
2023-06-01 14:42:34,349 ERROR Name is blank
2023-06-01 14:42:34,355 ERROR Name is blank
2023-06-01 14:42:34,360 ERROR Name is blank
2023-06-01 14:42:34,363 ERROR Name is blank
2023-06-01 14:42:34,367 ERROR Name is blank
2023-06-01 14:42:34,374 ERROR Name is blank
2023-06-01 14:42:34,379 ERROR Name is blank
2023-06-01 14:42:34,383 ERROR Name is blank
2023-06-01 14:42:34,387 ERROR Name is blank
2023-06-01 14:42:34,393 ERROR Name is blank
2023-06-01 14:42:34,400 DEBUG Создание Horse, имя [Voron], скорость [1.0]
2023-06-01 14:42:34,403 DEBUG Создание Horse, имя [Snegok], скорость [1.0]
2023-06-01 14:42:34,406 DEBUG Создание Horse, имя [Zvezda], скорость [1.0]
2023-06-01 14:42:35,758 DEBUG Создание Horse, имя [Voron], скорость [2.0]
2023-06-01 14:42:35,814 DEBUG Создание Horse, имя [Voron], скорость [5.0]
2023-06-01 14:42:35,828 DEBUG Создание Horse, имя [Voron], скорость [1.0]
2023-06-01 14:42:35,852 ERROR Distance is negative
2023-06-01 14:42:35,868 ERROR Speed is negative
2023-06-01 14:42:35,877 ERROR Name is null
2023-06-01 14:42:35,893 DEBUG Создание Horse, имя [Voron], скорость [1.0]
2023-06-01 14:42:35,902 DEBUG Создание Horse, имя [Voron], скорость [2.0]
2023-06-01 14:42:35,914 DEBUG Создание Horse, имя [Voron], скорость [3.0]
2023-06-01 14:42:35,921 ERROR Speed is negative
2023-06-01 14:42:35,932 ERROR Name is blank
2023-06-01 14:42:35,944 ERROR Name is blank
2023-06-01 14:42:35,955 ERROR Name is blank
2023-06-01 14:42:35,975 ERROR Name is blank
2023-06-01 14:42:35,985 ERROR Name is blank
2023-06-01 14:42:35,990 ERROR Name is blank
2023-06-01 14:42:35,996 ERROR Name is blank
2023-06-01 14:42:36,002 ERROR Name is blank
2023-06-01 14:42:36,010 ERROR Name is blank
2023-06-01 14:42:36,014 ERROR Name is blank
2023-06-01 14:42:36,029 ERROR Horses list is null
2023-06-01 14:42:36,048 ERROR Horses list is empty
2023-06-01 14:42:36,324 DEBUG Создание Hippodrome, лошадей [50]
2023-06-01 14:42:36,406 DEBUG Создание Horse, имя [Буцефал], скорость [2.4]
2023-06-01 14:42:36,406 DEBUG Создание Horse, имя [Туз Пик], скорость [2.5]
2023-06-01 14:42:36,407 DEBUG Создание Horse, имя [Зефир], скорость [2.6]
2023-06-01 14:42:36,408 DEBUG Создание Horse, имя [Пожар], скорость [2.7]
2023-06-01 14:42:36,408 DEBUG Создание Horse, имя [Лобстер], скорость [2.8]
2023-06-01 14:42:36,409 DEBUG Создание Horse, имя [Пегас], скорость [2.9]
2023-06-01 14:42:36,409 DEBUG Создание Horse, имя [Вишня], скорость [3.0]
2023-06-01 14:42:36,409 DEBUG Создание Horse, имя [Иван], скорость [2.4]
2023-06-01 14:42:36,409 DEBUG Создание Horse, имя [Туз], скорость [2.5]
2023-06-01 14:42:36,410 DEBUG Создание Horse, имя [Зефирка], скорость [2.6]
2023-06-01 14:42:36,410 DEBUG Создание Horse, имя [Огонь], скорость [2.7]
2023-06-01 14:42:36,410 DEBUG Создание Horse, имя [Конь], скорость [2.8]
2023-06-01 14:42:36,410 DEBUG Создание Horse, имя [Пепел], скорость [2.9]
2023-06-01 14:42:36,411 DEBUG Создание Horse, имя [Черешня], скорость [3.0]
2023-06-01 14:42:36,411 DEBUG Создание Horse, имя [Белый], скорость [2.4]
2023-06-01 14:42:36,412 DEBUG Создание Horse, имя [Буран], скорость [2.5]
2023-06-01 14:42:36,412 DEBUG Создание Horse, имя [Максим], скорость [2.6]
2023-06-01 14:42:36,412 DEBUG Создание Horse, имя [Петр], скорость [2.7]
2023-06-01 14:42:36,413 DEBUG Создание Horse, имя [Легион], скорость [2.8]
2023-06-01 14:42:36,414 DEBUG Создание Horse, имя [Ураган], скорость [2.9]
2023-06-01 14:42:36,414 DEBUG Создание Horse, имя [Стрела], скорость [3.0]
2023-06-01 14:42:36,414 DEBUG Создание Horse, имя [Буря], скорость [2.4]
2023-06-01 14:42:36,414 DEBUG Создание Horse, имя [Ветер], скорость [2.5]
2023-06-01 14:42:36,415 DEBUG Создание Horse, имя [Михаил], скорость [2.6]
2023-06-01 14:42:36,415 DEBUG Создание Horse, имя [Рон], скорость [2.7]
2023-06-01 14:42:36,416 DEBUG Создание Horse, имя [Лик], скорость [2.8]
2023-06-01 14:42:36,416 DEBUG Создание Horse, имя [Александр], скорость [2.9]
2023-06-01 14:42:36,416 DEBUG Создание Horse, имя [Ирис], скорость [3.0]
2023-06-01 14:42:36,417 DEBUG Создание Horse, имя [Тигр], скорость [2.9]
2023-06-01 14:42:36,417 DEBUG Создание Horse, имя [Уран], скорость [3.0]
2023-06-01 14:42:36,417 DEBUG Создание Hippodrome, лошадей [30]
2023-06-01 14:42:36,424 DEBUG Создание Horse, имя [i], скорость [0.0]
2023-06-01 14:42:36,424 DEBUG Создание Horse, имя [i], скорость [1.0]
2023-06-01 14:42:36,425 DEBUG Создание Horse, имя [i], скорость [2.0]
2023-06-01 14:42:36,425 DEBUG Создание Horse, имя [i], скорость [3.0]
2023-06-01 14:42:36,425 DEBUG Создание Horse, имя [i], скорость [4.0]
2023-06-01 14:42:36,425 DEBUG Создание Horse, имя [i], скорость [5.0]
2023-06-01 14:42:36,425 DEBUG Создание Horse, имя [i], скорость [6.0]
2023-06-01 14:42:36,426 DEBUG Создание Horse, имя [i], скорость [7.0]
2023-06-01 14:42:36,426 DEBUG Создание Horse, имя [i], скорость [8.0]
2023-06-01 14:42:36,426 DEBUG Создание Horse, имя [i], скорость [9.0]
2023-06-01 14:42:36,426 DEBUG Создание Horse, имя [i], скорость [10.0]
2023-06-01 14:42:36,427 DEBUG Создание Horse, имя [i], скорость [11.0]
2023-06-01 14:42:36,427 DEBUG Создание Horse, имя [i], скорость [12.0]
2023-06-01 14:42:36,427 DEBUG Создание Horse, имя [i], скорость [13.0]
2023-06-01 14:42:36,427 DEBUG Создание Horse, имя [i], скорость [14.0]
2023-06-01 14:42:36,427 DEBUG Создание Horse, имя [i], скорость [15.0]
2023-06-01 14:42:36,428 DEBUG Создание Horse, имя [i], скорость [16.0]
2023-06-01 14:42:36,428 DEBUG Создание Horse, имя [i], скорость [17.0]
2023-06-01 14:42:36,428 DEBUG Создание Horse, имя [i], скорость [18.0]
2023-06-01 14:42:36,428 DEBUG Создание Horse, имя [i], скорость [19.0]
2023-06-01 14:42:36,428 DEBUG Создание Horse, имя [i], скорость [20.0]
2023-06-01 14:42:36,429 DEBUG Создание Horse, имя [i], скорость [21.0]
2023-06-01 14:42:36,429 DEBUG Создание Horse, имя [i], скорость [22.0]
2023-06-01 14:42:36,429 DEBUG Создание Horse, имя [i], скорость [23.0]
2023-06-01 14:42:36,429 DEBUG Создание Horse, имя [i], скорость [24.0]
2023-06-01 14:42:36,429 DEBUG Создание Horse, имя [i], скорость [25.0]
2023-06-01 14:42:36,430 DEBUG Создание Horse, имя [i], скорость [26.0]
2023-06-01 14:42:36,430 DEBUG Создание Horse, имя [i], скорость [27.0]
2023-06-01 14:42:36,431 DEBUG Создание Horse, имя [i], скорость [28.0]
2023-06-01 14:42:36,432 DEBUG Создание Horse, имя [i], скорость [29.0]
2023-06-01 14:42:36,432 DEBUG Создание Horse, имя [i], скорость [30.0]
2023-06-01 14:42:36,433 DEBUG Создание Horse, имя [i], скорость [31.0]
2023-06-01 14:42:36,433 DEBUG Создание Horse, имя [i], скорость [32.0]
2023-06-01 14:42:36,433 DEBUG Создание Horse, имя [i], скорость [33.0]
2023-06-01 14:42:36,433 DEBUG Создание Horse, имя [i], скорость [34.0]
2023-06-01 14:42:36,434 DEBUG Создание Horse, имя [i], скорость [35.0]
2023-06-01 14:42:36,434 DEBUG Создание Horse, имя [i], скорость [36.0]
2023-06-01 14:42:36,435 DEBUG Создание Horse, имя [i], скорость [37.0]
2023-06-01 14:42:36,435 DEBUG Создание Horse, имя [i], скорость [38.0]
2023-06-01 14:42:36,435 DEBUG Создание Horse, имя [i], скорость [39.0]
2023-06-01 14:42:36,435 DEBUG Создание Horse, имя [i], скорость [40.0]
2023-06-01 14:42:36,435 DEBUG Создание Horse, имя [i], скорость [41.0]
2023-06-01 14:42:36,435 DEBUG Создание Horse, имя [i], скорость [42.0]
2023-06-01 14:42:36,436 DEBUG Создание Horse, имя [i], скорость [43.0]
2023-06-01 14:42:36,436 DEBUG Создание Horse, имя [i], скорость [44.0]
2023-06-01 14:42:36,436 DEBUG Создание Horse, имя [i], скорость [45.0]
2023-06-01 14:42:36,436 DEBUG Создание Horse, имя [i], скорость [46.0]
2023-06-01 14:42:36,437 DEBUG Создание Horse, имя [i], скорость [47.0]
2023-06-01 14:42:36,437 DEBUG Создание Horse, имя [i], скорость [48.0]
2023-06-01 14:42:36,438 DEBUG Создание Horse, имя [i], скорость [49.0]
2023-06-01 14:42:36,438 DEBUG Создание Hippodrome, лошадей [50]
2023-06-01 14:42:36,449 ERROR Horses list is null
2023-06-01 14:42:36,459 ERROR Horses list is empty
2023-06-01 14:46:30,045 ERROR Horses list is null
2023-06-01 14:46:30,063 ERROR Horses list is empty
2023-06-01 14:46:31,225 DEBUG Создание Hippodrome, лошадей [50]
2023-06-01 14:46:31,349 DEBUG Создание Horse, имя [Буцефал], скорость [2.4]
2023-06-01 14:46:31,349 DEBUG Создание Horse, имя [Туз Пик], скорость [2.5]
2023-06-01 14:46:31,350 DEBUG Создание Horse, имя [Зефир], скорость [2.6]
2023-06-01 14:46:31,350 DEBUG Создание Horse, имя [Пожар], скорость [2.7]
2023-06-01 14:46:31,351 DEBUG Создание Horse, имя [Лобстер], скорость [2.8]
2023-06-01 14:46:31,351 DEBUG Создание Horse, имя [Пегас], скорость [2.9]
2023-06-01 14:46:31,351 DEBUG Создание Horse, имя [Вишня], скорость [3.0]
2023-06-01 14:46:31,352 DEBUG Создание Horse, имя [Иван], скорость [2.4]
2023-06-01 14:46:31,352 DEBUG Создание Horse, имя [Туз], скорость [2.5]
2023-06-01 14:46:31,352 DEBUG Создание Horse, имя [Зефирка], скорость [2.6]
2023-06-01 14:46:31,353 DEBUG Создание Horse, имя [Огонь], скорость [2.7]
2023-06-01 14:46:31,353 DEBUG Создание Horse, имя [Конь], скорость [2.8]
2023-06-01 14:46:31,353 DEBUG Создание Horse, имя [Пепел], скорость [2.9]
2023-06-01 14:46:31,354 DEBUG Создание Horse, имя [Черешня], скорость [3.0]
2023-06-01 14:46:31,354 DEBUG Создание Horse, имя [Белый], скорость [2.4]
2023-06-01 14:46:31,354 DEBUG Создание Horse, имя [Буран], скорость [2.5]
2023-06-01 14:46:31,355 DEBUG Создание Horse, имя [Максим], скорость [2.6]
2023-06-01 14:46:31,355 DEBUG Создание Horse, имя [Петр], скорость [2.7]
2023-06-01 14:46:31,355 DEBUG Создание Horse, имя [Легион], скорость [2.8]
2023-06-01 14:46:31,355 DEBUG Создание Horse, имя [Ураган], скорость [2.9]
2023-06-01 14:46:31,356 DEBUG Создание Horse, имя [Стрела], скорость [3.0]
2023-06-01 14:46:31,356 DEBUG Создание Horse, имя [Буря], скорость [2.4]
2023-06-01 14:46:31,356 DEBUG Создание Horse, имя [Ветер], скорость [2.5]
2023-06-01 14:46:31,356 DEBUG Создание Horse, имя [Михаил], скорость [2.6]
2023-06-01 14:46:31,357 DEBUG Создание Horse, имя [Рон], скорость [2.7]
2023-06-01 14:46:31,357 DEBUG Создание Horse, имя [Лик], скорость [2.8]
2023-06-01 14:46:31,357 DEBUG Создание Horse, имя [Александр], скорость [2.9]
2023-06-01 14:46:31,357 DEBUG Создание Horse, имя [Ирис], скорость [3.0]
2023-06-01 14:46:31,358 DEBUG Создание Horse, имя [Тигр], скорость [2.9]
2023-06-01 14:46:31,358 DEBUG Создание Horse, имя [Уран], скорость [3.0]
2023-06-01 14:46:31,358 DEBUG Создание Hippodrome, лошадей [30]
2023-06-01 14:46:31,369 DEBUG Создание Horse, имя [i], скорость [0.0]
2023-06-01 14:46:31,369 DEBUG Создание Horse, имя [i], скорость [1.0]
2023-06-01 14:46:31,371 DEBUG Создание Horse, имя [i], скорость [2.0]
2023-06-01 14:46:31,371 DEBUG Создание Horse, имя [i], скорость [3.0]
2023-06-01 14:46:31,372 DEBUG Создание Horse, имя [i], скорость [4.0]
2023-06-01 14:46:31,372 DEBUG Создание Horse, имя [i], скорость [5.0]
2023-06-01 14:46:31,372 DEBUG Создание Horse, имя [i], скорость [6.0]
2023-06-01 14:46:31,372 DEBUG Создание Horse, имя [i], скорость [7.0]
2023-06-01 14:46:31,373 DEBUG Создание Horse, имя [i], скорость [8.0]
2023-06-01 14:46:31,373 DEBUG Создание Horse, имя [i], скорость [9.0]
2023-06-01 14:46:31,373 DEBUG Создание Horse, имя [i], скорость [10.0]
2023-06-01 14:46:31,373 DEBUG Создание Horse, имя [i], скорость [11.0]
2023-06-01 14:46:31,373 DEBUG Создание Horse, имя [i], скорость [12.0]
2023-06-01 14:46:31,374 DEBUG Создание Horse, имя [i], скорость [13.0]
2023-06-01 14:46:31,374 DEBUG Создание Horse, имя [i], скорость [14.0]
2023-06-01 14:46:31,374 DEBUG Создание Horse, имя [i], скорость [15.0]
2023-06-01 14:46:31,375 DEBUG Создание Horse, имя [i], скорость [16.0]
2023-06-01 14:46:31,375 DEBUG Создание Horse, имя [i], скорость [17.0]
2023-06-01 14:46:31,375 DEBUG Создание Horse, имя [i], скорость [18.0]
2023-06-01 14:46:31,375 DEBUG Создание Horse, имя [i], скорость [19.0]
2023-06-01 14:46:31,375 DEBUG Создание Horse, имя [i], скорость [20.0]
2023-06-01 14:46:31,375 DEBUG Создание Horse, имя [i], скорость [21.0]
2023-06-01 14:46:31,376 DEBUG Создание Horse, имя [i], скорость [22.0]
2023-06-01 14:46:31,376 DEBUG Создание Horse, имя [i], скорость [23.0]
2023-06-01 14:46:31,376 DEBUG Создание Horse, имя [i], скорость [24.0]
2023-06-01 14:46:31,376 DEBUG Создание Horse, имя [i], скорость [25.0]
2023-06-01 14:46:31,377 DEBUG Создание Horse, имя [i], скорость [26.0]
2023-06-01 14:46:31,377 DEBUG Создание Horse, имя [i], скорость [27.0]
2023-06-01 14:46:31,377 DEBUG Создание Horse, имя [i], скорость [28.0]
2023-06-01 14:46:31,377 DEBUG Создание Horse, имя [i], скорость [29.0]
2023-06-01 14:46:31,377 DEBUG Создание Horse, имя [i], скорость [30.0]
2023-06-01 14:46:31,378 DEBUG Создание Horse, имя [i], скорость [31.0]
2023-06-01 14:46:31,378 DEBUG Создание Horse, имя [i], скорость [32.0]
2023-06-01 14:46:31,378 DEBUG Создание Horse, имя [i], скорость [33.0]
2023-06-01 14:46:31,378 DEBUG Создание Horse, имя [i], скорость [34.0]
2023-06-01 14:46:31,379 DEBUG Создание Horse, имя [i], скорость [35.0]
2023-06-01 14:46:31,379 DEBUG Создание Horse, имя [i], скорость [36.0]
2023-06-01 14:46:31,379 DEBUG Создание Horse, имя [i], скорость [37.0]
2023-06-01 14:46:31,379 DEBUG Создание Horse, имя [i], скорость [38.0]
2023-06-01 14:46:31,379 DEBUG Создание Horse, имя [i], скорость [39.0]
2023-06-01 14:46:31,380 DEBUG Создание Horse, имя [i], скорость [40.0]
2023-06-01 14:46:31,380 DEBUG Создание Horse, имя [i], скорость [41.0]
2023-06-01 14:46:31,380 DEBUG Создание Horse, имя [i], скорость [42.0]
2023-06-01 14:46:31,380 DEBUG Создание Horse, имя [i], скорость [43.0]
2023-06-01 14:46:31,381 DEBUG Создание Horse, имя [i], скорость [44.0]
2023-06-01 14:46:31,381 DEBUG Создание Horse, имя [i], скорость [45.0]
2023-06-01 14:46:31,381 DEBUG Создание Horse, имя [i], скорость [46.0]
2023-06-01 14:46:31,381 DEBUG Создание Horse, имя [i], скорость [47.0]
2023-06-01 14:46:31,381 DEBUG Создание Horse, имя [i], скорость [48.0]
2023-06-01 14:46:31,381 DEBUG Создание Horse, имя [i], скорость [49.0]
2023-06-01 14:46:31,382 DEBUG Создание Hippodrome, лошадей [50]
2023-06-01 14:46:31,390 ERROR Horses list is null
2023-06-01 14:46:31,395 ERROR Horses list is empty
2023-06-01 14:46:31,424 ERROR Name is null
2023-06-01 14:46:31,428 DEBUG Создание Horse, имя [Voron], скорость [1.0]
2023-06-01 14:46:31,652 DEBUG Создание Horse, имя [Voron], скорость [1.0]
2023-06-01 14:46:31,666 DEBUG Создание Horse, имя [Voron], скорость [1.0]
2023-06-01 14:46:31,675 DEBUG Создание Horse, имя [Voron], скорость [1.0]
2023-06-01 14:46:31,683 ERROR Distance is negative
2023-06-01 14:46:31,693 ERROR Name is blank
2023-06-01 14:46:31,699 ERROR Name is blank
2023-06-01 14:46:31,706 ERROR Name is blank
2023-06-01 14:46:31,710 ERROR Name is blank
2023-06-01 14:46:31,714 ERROR Name is blank
2023-06-01 14:46:31,719 ERROR Name is blank
2023-06-01 14:46:31,726 ERROR Name is blank
2023-06-01 14:46:31,732 ERROR Name is blank
2023-06-01 14:46:31,744 ERROR Name is blank
2023-06-01 14:46:31,751 ERROR Name is blank
2023-06-01 14:46:31,760 DEBUG Создание Horse, имя [Voron], скорость [1.0]
2023-06-01 14:46:31,764 DEBUG Создание Horse, имя [Snegok], скорость [1.0]
2023-06-01 14:46:31,768 DEBUG Создание Horse, имя [Zvezda], скорость [1.0]
2023-06-01 14:46:31,794 DEBUG Создание Horse, имя [Voron], скорость [2.0]
2023-06-01 14:46:31,802 DEBUG Создание Horse, имя [Voron], скорость [5.0]
2023-06-01 14:46:31,805 DEBUG Создание Horse, имя [Voron], скорость [1.0]
2023-06-01 14:46:31,810 ERROR Distance is negative
2023-06-01 14:46:31,830 ERROR Speed is negative
2023-06-01 14:46:31,836 ERROR Name is null
2023-06-01 14:46:31,845 DEBUG Создание Horse, имя [Voron], скорость [1.0]
2023-06-01 14:46:31,850 DEBUG Создание Horse, имя [Voron], скорость [2.0]
2023-06-01 14:46:31,853 DEBUG Создание Horse, имя [Voron], скорость [3.0]
2023-06-01 14:46:31,856 ERROR Speed is negative
2023-06-01 14:46:31,872 ERROR Name is blank
2023-06-01 14:46:31,876 ERROR Name is blank
2023-06-01 14:46:31,889 ERROR Name is blank
2023-06-01 14:46:31,895 ERROR Name is blank
2023-06-01 14:46:31,899 ERROR Name is blank
2023-06-01 14:46:31,908 ERROR Name is blank
2023-06-01 14:46:31,914 ERROR Name is blank
2023-06-01 14:46:31,922 ERROR Name is blank
2023-06-01 14:46:31,927 ERROR Name is blank
2023-06-01 14:46:31,930 ERROR Name is blank
2023-06-01 14:48:25,153 ERROR Name is null
2023-06-01 14:48:25,170 DEBUG Создание Horse, имя [Voron], скорость [1.0]
2023-06-01 14:48:25,263 DEBUG Создание Horse, имя [Voron], скорость [1.0]
2023-06-01 14:48:25,271 DEBUG Создание Horse, имя [Voron], скорость [1.0]
2023-06-01 14:48:25,278 DEBUG Создание Horse, имя [Voron], скорость [1.0]
2023-06-01 14:48:25,284 ERROR Distance is negative
2023-06-01 14:48:25,294 ERROR Name is blank
2023-06-01 14:48:25,299 ERROR Name is blank
2023-06-01 14:48:25,303 ERROR Name is blank
2023-06-01 14:48:25,306 ERROR Name is blank
2023-06-01 14:48:25,309 ERROR Name is blank
2023-06-01 14:48:25,312 ERROR Name is blank
2023-06-01 14:48:25,315 ERROR Name is blank
2023-06-01 14:48:25,319 ERROR Name is blank
2023-06-01 14:48:25,322 ERROR Name is blank
2023-06-01 14:48:25,326 ERROR Name is blank
2023-06-01 14:48:25,331 DEBUG Создание Horse, имя [Voron], скорость [1.0]
2023-06-01 14:48:25,334 DEBUG Создание Horse, имя [Snegok], скорость [1.0]
2023-06-01 14:48:25,337 DEBUG Создание Horse, имя [Zvezda], скорость [1.0]
2023-06-01 14:48:26,612 DEBUG Создание Horse, имя [Voron], скорость [2.0]
2023-06-01 14:48:26,636 DEBUG Создание Horse, имя [Voron], скорость [5.0]
2023-06-01 14:48:26,650 DEBUG Создание Horse, имя [Voron], скорость [1.0]
2023-06-01 14:48:26,720 ERROR Distance is negative
2023-06-01 14:48:26,731 ERROR Speed is negative
2023-06-01 14:48:26,744 ERROR Name is null
2023-06-01 14:48:26,759 DEBUG Создание Horse, имя [Voron], скорость [1.0]
2023-06-01 14:48:26,782 DEBUG Создание Horse, имя [Voron], скорость [2.0]
2023-06-01 14:48:26,791 DEBUG Создание Horse, имя [Voron], скорость [3.0]
2023-06-01 14:48:26,800 ERROR Speed is negative
2023-06-01 14:48:26,815 ERROR Name is blank
2023-06-01 14:48:26,822 ERROR Name is blank
2023-06-01 14:48:26,828 ERROR Name is blank
2023-06-01 14:48:26,834 ERROR Name is blank
2023-06-01 14:48:26,840 ERROR Name is blank
2023-06-01 14:48:26,847 ERROR Name is blank
2023-06-01 14:48:26,862 ERROR Name is blank
2023-06-01 14:48:26,867 ERROR Name is blank
2023-06-01 14:48:26,871 ERROR Name is blank
2023-06-01 14:48:26,880 ERROR Name is blank
2023-06-01 14:48:26,893 ERROR Horses list is null
2023-06-01 14:48:26,900 ERROR Horses list is empty
2023-06-01 14:48:27,058 DEBUG Создание Hippodrome, лошадей [50]
2023-06-01 14:48:27,121 DEBUG Создание Horse, имя [Буцефал], скорость [2.4]
2023-06-01 14:48:27,121 DEBUG Создание Horse, имя [Туз Пик], скорость [2.5]
2023-06-01 14:48:27,121 DEBUG Создание Horse, имя [Зефир], скорость [2.6]
2023-06-01 14:48:27,122 DEBUG Создание Horse, имя [Пожар], скорость [2.7]
2023-06-01 14:48:27,122 DEBUG Создание Horse, имя [Лобстер], скорость [2.8]
2023-06-01 14:48:27,123 DEBUG Создание Horse, имя [Пегас], скорость [2.9]
2023-06-01 14:48:27,125 DEBUG Создание Horse, имя [Вишня], скорость [3.0]
2023-06-01 14:48:27,126 DEBUG Создание Horse, имя [Иван], скорость [2.4]
2023-06-01 14:48:27,126 DEBUG Создание Horse, имя [Туз], скорость [2.5]
2023-06-01 14:48:27,126 DEBUG Создание Horse, имя [Зефирка], скорость [2.6]
2023-06-01 14:48:27,126 DEBUG Создание Horse, имя [Огонь], скорость [2.7]
2023-06-01 14:48:27,127 DEBUG Создание Horse, имя [Конь], скорость [2.8]
2023-06-01 14:48:27,127 DEBUG Создание Horse, имя [Пепел], скорость [2.9]
2023-06-01 14:48:27,128 DEBUG Создание Horse, имя [Черешня], скорость [3.0]
2023-06-01 14:48:27,130 DEBUG Создание Horse, имя [Белый], скорость [2.4]
2023-06-01 14:48:27,130 DEBUG Создание Horse, имя [Буран], скорость [2.5]
2023-06-01 14:48:27,130 DEBUG Создание Horse, имя [Максим], скорость [2.6]
2023-06-01 14:48:27,130 DEBUG Создание Horse, имя [Петр], скорость [2.7]
2023-06-01 14:48:27,131 DEBUG Создание Horse, имя [Легион], скорость [2.8]
2023-06-01 14:48:27,131 DEBUG Создание Horse, имя [Ураган], скорость [2.9]
2023-06-01 14:48:27,131 DEBUG Создание Horse, имя [Стрела], скорость [3.0]
2023-06-01 14:48:27,131 DEBUG Создание Horse, имя [Буря], скорость [2.4]
2023-06-01 14:48:27,133 DEBUG Создание Horse, имя [Ветер], скорость [2.5]
2023-06-01 14:48:27,134 DEBUG Создание Horse, имя [Михаил], скорость [2.6]
2023-06-01 14:48:27,135 DEBUG Создание Horse, имя [Рон], скорость [2.7]
2023-06-01 14:48:27,135 DEBUG Создание Horse, имя [Лик], скорость [2.8]
2023-06-01 14:48:27,135 DEBUG Создание Horse, имя [Александр], скорость [2.9]
2023-06-01 14:48:27,135 DEBUG Создание Horse, имя [Ирис], скорость [3.0]
2023-06-01 14:48:27,136 DEBUG Создание Horse, имя [Тигр], скорость [2.9]
2023-06-01 14:48:27,136 DEBUG Создание Horse, имя [Уран], скорость [3.0]
2023-06-01 14:48:27,136 DEBUG Создание Hippodrome, лошадей [30]
2023-06-01 14:48:27,139 DEBUG Создание Horse, имя [i], скорость [0.0]
2023-06-01 14:48:27,141 DEBUG Создание Horse, имя [i], скорость [1.0]
2023-06-01 14:48:27,141 DEBUG Создание Horse, имя [i], скорость [2.0]
2023-06-01 14:48:27,141 DEBUG Создание Horse, имя [i], скорость [3.0]
2023-06-01 14:48:27,141 DEBUG Создание Horse, имя [i], скорость [4.0]
2023-06-01 14:48:27,142 DEBUG Создание Horse, имя [i], скорость [5.0]
2023-06-01 14:48:27,142 DEBUG Создание Horse, имя [i], скорость [6.0]
2023-06-01 14:48:27,142 DEBUG Создание Horse, имя [i], скорость [7.0]
2023-06-01 14:48:27,142 DEBUG Создание Horse, имя [i], скорость [8.0]
2023-06-01 14:48:27,142 DEBUG Создание Horse, имя [i], скорость [9.0]
2023-06-01 14:48:27,142 DEBUG Создание Horse, имя [i], скорость [10.0]
2023-06-01 14:48:27,143 DEBUG Создание Horse, имя [i], скорость [11.0]
2023-06-01 14:48:27,143 DEBUG Создание Horse, имя [i], скорость [12.0]
2023-06-01 14:48:27,143 DEBUG Создание Horse, имя [i], скорость [13.0]
2023-06-01 14:48:27,143 DEBUG Создание Horse, имя [i], скорость [14.0]
2023-06-01 14:48:27,143 DEBUG Создание Horse, имя [i], скорость [15.0]
2023-06-01 14:48:27,143 DEBUG Создание Horse, имя [i], скорость [16.0]
2023-06-01 14:48:27,144 DEBUG Создание Horse, имя [i], скорость [17.0]
2023-06-01 14:48:27,144 DEBUG Создание Horse, имя [i], скорость [18.0]
2023-06-01 14:48:27,144 DEBUG Создание Horse, имя [i], скорость [19.0]
2023-06-01 14:48:27,144 DEBUG Создание Horse, имя [i], скорость [20.0]
2023-06-01 14:48:27,144 DEBUG Создание Horse, имя [i], скорость [21.0]
2023-06-01 14:48:27,145 DEBUG Создание Horse, имя [i], скорость [22.0]
2023-06-01 14:48:27,145 DEBUG Создание Horse, имя [i], скорость [23.0]
2023-06-01 14:48:27,145 DEBUG Создание Horse, имя [i], скорость [24.0]
2023-06-01 14:48:27,145 DEBUG Создание Horse, имя [i], скорость [25.0]
2023-06-01 14:48:27,145 DEBUG Создание Horse, имя [i], скорость [26.0]
2023-06-01 14:48:27,146 DEBUG Создание Horse, имя [i], скорость [27.0]
2023-06-01 14:48:27,146 DEBUG Создание Horse, имя [i], скорость [28.0]
2023-06-01 14:48:27,146 DEBUG Создание Horse, имя [i], скорость [29.0]
2023-06-01 14:48:27,147 DEBUG Создание Horse, имя [i], скорость [30.0]
2023-06-01 14:48:27,147 DEBUG Создание Horse, имя [i], скорость [31.0]
2023-06-01 14:48:27,147 DEBUG Создание Horse, имя [i], скорость [32.0]
2023-06-01 14:48:27,147 DEBUG Создание Horse, имя [i], скорость [33.0]
2023-06-01 14:48:27,147 DEBUG Создание Horse, имя [i], скорость [34.0]
2023-06-01 14:48:27,147 DEBUG Создание Horse, имя [i], скорость [35.0]
2023-06-01 14:48:27,148 DEBUG Создание Horse, имя [i], скорость [36.0]
2023-06-01 14:48:27,148 DEBUG Создание Horse, имя [i], скорость [37.0]
2023-06-01 14:48:27,148 DEBUG Создание Horse, имя [i], скорость [38.0]
2023-06-01 14:48:27,148 DEBUG Создание Horse, имя [i], скорость [39.0]
2023-06-01 14:48:27,148 DEBUG Создание Horse, имя [i], скорость [40.0]
2023-06-01 14:48:27,148 DEBUG Создание Horse, имя [i], скорость [41.0]
2023-06-01 14:48:27,149 DEBUG Создание Horse, имя [i], скорость [42.0]
2023-06-01 14:48:27,149 DEBUG Создание Horse, имя [i], скорость [43.0]
2023-06-01 14:48:27,149 DEBUG Создание Horse, имя [i], скорость [44.0]
2023-06-01 14:48:27,149 DEBUG Создание Horse, имя [i], скорость [45.0]
2023-06-01 14:48:27,149 DEBUG Создание Horse, имя [i], скорость [46.0]
2023-06-01 14:48:27,150 DEBUG Создание Horse, имя [i], скорость [47.0]
2023-06-01 14:48:27,150 DEBUG Создание Horse, имя [i], скорость [48.0]
2023-06-01 14:48:27,150 DEBUG Создание Horse, имя [i], скорость [49.0]
2023-06-01 14:48:27,150 DEBUG Создание Hippodrome, лошадей [50]
2023-06-01 14:48:27,157 ERROR Horses list is null
2023-06-01 14:48:27,162 ERROR Horses list is empty
